[2020-03-15 15:43:04.427] [exthost] [info] extension host started
[2020-03-15 15:43:04.523] [exthost] [info] ExtensionService#_doActivateExtension vscode.debug-auto-launch {"startup":true,"extensionId":{"value":"vscode.debug-auto-launch","_lower":"vscode.debug-auto-launch"},"activationEvent":"*"}
[2020-03-15 15:43:04.525] [exthost] [info] ExtensionService#loadCommonJSModule file:///usr/share/code/resources/app/extensions/debug-auto-launch/dist/extension
[2020-03-15 15:43:04.537] [exthost] [info] ExtensionService#_doActivateExtension vscode.emmet {"startup":true,"extensionId":{"value":"vscode.emmet","_lower":"vscode.emmet"},"activationEvent":"*"}
[2020-03-15 15:43:04.537] [exthost] [info] ExtensionService#loadCommonJSModule file:///usr/share/code/resources/app/extensions/emmet/dist/extension
[2020-03-15 15:43:04.609] [exthost] [info] ExtensionService#_doActivateExtension vscode.git {"startup":true,"extensionId":{"value":"vscode.git","_lower":"vscode.git"},"activationEvent":"*"}
[2020-03-15 15:43:04.609] [exthost] [info] ExtensionService#loadCommonJSModule file:///usr/share/code/resources/app/extensions/git/dist/main
[2020-03-15 15:43:04.710] [exthost] [info] ExtensionService#_doActivateExtension vscode.github-authentication {"startup":true,"extensionId":{"value":"vscode.github-authentication","_lower":"vscode.github-authentication"},"activationEvent":"*"}
[2020-03-15 15:43:04.710] [exthost] [info] ExtensionService#loadCommonJSModule file:///usr/share/code/resources/app/extensions/github-authentication/dist/extension.js
[2020-03-15 15:43:04.716] [exthost] [info] ExtensionService#_doActivateExtension vscode.merge-conflict {"startup":true,"extensionId":{"value":"vscode.merge-conflict","_lower":"vscode.merge-conflict"},"activationEvent":"*"}
[2020-03-15 15:43:04.717] [exthost] [info] ExtensionService#loadCommonJSModule file:///usr/share/code/resources/app/extensions/merge-conflict/dist/extension
[2020-03-15 15:43:04.724] [exthost] [info] ExtensionService#_doActivateExtension vscode.search-result {"startup":true,"extensionId":{"value":"vscode.search-result","_lower":"vscode.search-result"},"activationEvent":"*"}
[2020-03-15 15:43:04.725] [exthost] [info] ExtensionService#loadCommonJSModule file:///usr/share/code/resources/app/extensions/search-result/dist/extension.js
[2020-03-15 15:43:04.728] [exthost] [info] ExtensionService#_doActivateExtension vscode.vscode-account {"startup":true,"extensionId":{"value":"vscode.vscode-account","_lower":"vscode.vscode-account"},"activationEvent":"*"}
[2020-03-15 15:43:04.728] [exthost] [info] ExtensionService#loadCommonJSModule file:///usr/share/code/resources/app/extensions/vscode-account/dist/extension.js
[2020-03-15 15:43:04.742] [exthost] [info] ExtensionService#_doActivateExtension vscode.npm {"startup":true,"extensionId":{"value":"vscode.npm","_lower":"vscode.npm"},"activationEvent":"workspaceContains:package.json"}
[2020-03-15 15:43:04.742] [exthost] [info] ExtensionService#loadCommonJSModule file:///usr/share/code/resources/app/extensions/npm/dist/main
[2020-03-15 15:43:04.986] [exthost] [info] eager extensions activated
[2020-03-15 15:45:18.683] [exthost] [info] ExtensionService#_doActivateExtension vscode.html-language-features {"startup":false,"extensionId":{"value":"vscode.html-language-features","_lower":"vscode.html-language-features"},"activationEvent":"onLanguage:html"}
[2020-03-15 15:45:18.684] [exthost] [info] ExtensionService#loadCommonJSModule file:///usr/share/code/resources/app/extensions/html-language-features/client/dist/htmlMain
[2020-03-15 15:48:12.448] [exthost] [info] ExtensionService#_doActivateExtension Angular.ng-template {"startup":false,"extensionId":{"value":"Angular.ng-template","_lower":"angular.ng-template"},"activationEvent":"onLanguage:html"}
[2020-03-15 15:48:12.448] [exthost] [info] ExtensionService#loadCommonJSModule file:///home/emanuel/.vscode/extensions/angular.ng-template-0.900.17/client
[2020-03-15 15:48:39.523] [exthost] [info] ExtensionService#_doActivateExtension vscode.extension-editing {"startup":false,"extensionId":{"value":"vscode.extension-editing","_lower":"vscode.extension-editing"},"activationEvent":"onLanguage:typescript"}
[2020-03-15 15:48:39.524] [exthost] [info] ExtensionService#loadCommonJSModule file:///usr/share/code/resources/app/extensions/extension-editing/dist/extension
[2020-03-15 15:48:39.616] [exthost] [info] ExtensionService#_doActivateExtension vscode.typescript-language-features {"startup":false,"extensionId":{"value":"vscode.typescript-language-features","_lower":"vscode.typescript-language-features"},"activationEvent":"onLanguage:typescript"}
[2020-03-15 15:48:39.616] [exthost] [info] ExtensionService#loadCommonJSModule file:///usr/share/code/resources/app/extensions/typescript-language-features/dist/extension
[2020-03-15 15:48:42.213] [exthost] [info] ExtensionService#_doActivateExtension vscode.css-language-features {"startup":false,"extensionId":{"value":"vscode.css-language-features","_lower":"vscode.css-language-features"},"activationEvent":"onLanguage:scss"}
[2020-03-15 15:48:42.214] [exthost] [info] ExtensionService#loadCommonJSModule file:///usr/share/code/resources/app/extensions/css-language-features/client/dist/cssMain
[2020-03-15 15:48:54.538] [exthost] [info] ExtensionService#_doActivateExtension vscode.configuration-editing {"startup":false,"extensionId":{"value":"vscode.configuration-editing","_lower":"vscode.configuration-editing"},"activationEvent":"onLanguage:jsonc"}
[2020-03-15 15:48:54.538] [exthost] [info] ExtensionService#loadCommonJSModule file:///usr/share/code/resources/app/extensions/configuration-editing/dist/extension
[2020-03-15 15:48:54.568] [exthost] [info] ExtensionService#_doActivateExtension vscode.json-language-features {"startup":false,"extensionId":{"value":"vscode.json-language-features","_lower":"vscode.json-language-features"},"activationEvent":"onLanguage:jsonc"}
[2020-03-15 15:48:54.568] [exthost] [info] ExtensionService#loadCommonJSModule file:///usr/share/code/resources/app/extensions/json-language-features/client/dist/jsonMain
[2020-03-15 15:50:56.152] [exthost] [info] [vscode.typescript-language-features] UNSAVE result from 'resolveCompletionItem', extension SHOULD NOT change any of: additionalTextEdits, or command
[2020-03-15 15:50:57.809] [exthost] [error] [vscode.typescript-language-features] provider FAILED
[2020-03-15 15:50:57.811] [exthost] [error] Error: busy
	at o._provideSemanticTokens (/usr/share/code/resources/app/extensions/typescript-language-features/dist/extension.js:1:180337)
[2020-03-15 15:51:33.044] [exthost] [error] [vscode.typescript-language-features] provider FAILED
[2020-03-15 15:51:33.044] [exthost] [error] Error: busy
	at o._provideSemanticTokens (/usr/share/code/resources/app/extensions/typescript-language-features/dist/extension.js:1:180337)
[2020-03-15 15:51:36.660] [exthost] [error] [vscode.typescript-language-features] provider FAILED
[2020-03-15 15:51:36.660] [exthost] [error] Error: busy
	at o._provideSemanticTokens (/usr/share/code/resources/app/extensions/typescript-language-features/dist/extension.js:1:180337)
[2020-03-15 15:51:38.309] [exthost] [error] [vscode.typescript-language-features] provider FAILED
[2020-03-15 15:51:38.309] [exthost] [error] Error: busy
	at o._provideSemanticTokens (/usr/share/code/resources/app/extensions/typescript-language-features/dist/extension.js:1:180337)
[2020-03-15 15:51:38.463] [exthost] [error] [vscode.typescript-language-features] provider FAILED
[2020-03-15 15:51:38.464] [exthost] [error] Error: busy
	at o._provideSemanticTokens (/usr/share/code/resources/app/extensions/typescript-language-features/dist/extension.js:1:180337)
[2020-03-15 15:51:41.417] [exthost] [error] [vscode.typescript-language-features] provider FAILED
[2020-03-15 15:51:41.417] [exthost] [error] Error: busy
	at o._provideSemanticTokens (/usr/share/code/resources/app/extensions/typescript-language-features/dist/extension.js:1:180337)
[2020-03-15 15:53:11.402] [exthost] [error] [vscode.typescript-language-features] provider FAILED
[2020-03-15 15:53:11.404] [exthost] [error] Error: busy
	at o._provideSemanticTokens (/usr/share/code/resources/app/extensions/typescript-language-features/dist/extension.js:1:180337)
[2020-03-15 15:53:12.838] [exthost] [error] [vscode.typescript-language-features] provider FAILED
[2020-03-15 15:53:12.838] [exthost] [error] Error: busy
	at o._provideSemanticTokens (/usr/share/code/resources/app/extensions/typescript-language-features/dist/extension.js:1:180337)
[2020-03-15 15:53:13.280] [exthost] [error] [vscode.typescript-language-features] provider FAILED
[2020-03-15 15:53:13.280] [exthost] [error] Error: busy
	at o._provideSemanticTokens (/usr/share/code/resources/app/extensions/typescript-language-features/dist/extension.js:1:180337)
[2020-03-15 15:53:16.523] [exthost] [error] [vscode.typescript-language-features] provider FAILED
[2020-03-15 15:53:16.523] [exthost] [error] Error: busy
	at o._provideSemanticTokens (/usr/share/code/resources/app/extensions/typescript-language-features/dist/extension.js:1:180337)
[2020-03-15 15:54:23.329] [exthost] [error] [vscode.typescript-language-features] provider FAILED
[2020-03-15 15:54:23.329] [exthost] [error] Error: busy
	at o._provideSemanticTokens (/usr/share/code/resources/app/extensions/typescript-language-features/dist/extension.js:1:180337)
[2020-03-15 15:54:30.987] [exthost] [error] [vscode.typescript-language-features] provider FAILED
[2020-03-15 15:54:30.987] [exthost] [error] Error: busy
	at o._provideSemanticTokens (/usr/share/code/resources/app/extensions/typescript-language-features/dist/extension.js:1:180337)
[2020-03-15 15:54:31.882] [exthost] [error] [vscode.typescript-language-features] provider FAILED
[2020-03-15 15:54:31.882] [exthost] [error] Error: busy
	at o._provideSemanticTokens (/usr/share/code/resources/app/extensions/typescript-language-features/dist/extension.js:1:180337)
[2020-03-15 15:54:33.850] [exthost] [error] [vscode.typescript-language-features] provider FAILED
[2020-03-15 15:54:33.851] [exthost] [error] Error: busy
	at o._provideSemanticTokens (/usr/share/code/resources/app/extensions/typescript-language-features/dist/extension.js:1:180337)
[2020-03-15 15:54:34.524] [exthost] [error] [vscode.typescript-language-features] provider FAILED
[2020-03-15 15:54:34.524] [exthost] [error] Error: busy
	at o._provideSemanticTokens (/usr/share/code/resources/app/extensions/typescript-language-features/dist/extension.js:1:180337)
[2020-03-15 15:54:34.922] [exthost] [error] [vscode.typescript-language-features] provider FAILED
[2020-03-15 15:54:34.922] [exthost] [error] Error: busy
	at o._provideSemanticTokens (/usr/share/code/resources/app/extensions/typescript-language-features/dist/extension.js:1:180337)
[2020-03-15 15:54:36.253] [exthost] [error] [vscode.typescript-language-features] provider FAILED
[2020-03-15 15:54:36.253] [exthost] [error] Error: busy
	at o._provideSemanticTokens (/usr/share/code/resources/app/extensions/typescript-language-features/dist/extension.js:1:180337)
[2020-03-15 15:56:11.229] [exthost] [error] [vscode.typescript-language-features] provider FAILED
[2020-03-15 15:56:11.229] [exthost] [error] Error: busy
	at o._provideSemanticTokens (/usr/share/code/resources/app/extensions/typescript-language-features/dist/extension.js:1:180337)
[2020-03-15 15:56:15.941] [exthost] [error] [vscode.typescript-language-features] provider FAILED
[2020-03-15 15:56:15.941] [exthost] [error] Error: busy
	at o._provideSemanticTokens (/usr/share/code/resources/app/extensions/typescript-language-features/dist/extension.js:1:180337)
[2020-03-15 15:56:32.983] [exthost] [error] [vscode.typescript-language-features] provider FAILED
[2020-03-15 15:56:32.983] [exthost] [error] Error: busy
	at o._provideSemanticTokens (/usr/share/code/resources/app/extensions/typescript-language-features/dist/extension.js:1:180337)
[2020-03-15 15:57:33.581] [exthost] [error] [vscode.typescript-language-features] provider FAILED
[2020-03-15 15:57:33.581] [exthost] [error] Error: busy
	at o._provideSemanticTokens (/usr/share/code/resources/app/extensions/typescript-language-features/dist/extension.js:1:180337)
[2020-03-15 15:57:55.223] [exthost] [error] [vscode.typescript-language-features] provider FAILED
[2020-03-15 15:57:55.223] [exthost] [error] Error: busy
	at o._provideSemanticTokens (/usr/share/code/resources/app/extensions/typescript-language-features/dist/extension.js:1:180337)
[2020-03-15 15:58:59.953] [exthost] [error] [vscode.typescript-language-features] provider FAILED
[2020-03-15 15:58:59.954] [exthost] [error] Error: busy
	at o._provideSemanticTokens (/usr/share/code/resources/app/extensions/typescript-language-features/dist/extension.js:1:180337)
[2020-03-15 15:59:03.649] [exthost] [error] [vscode.typescript-language-features] provider FAILED
[2020-03-15 15:59:03.649] [exthost] [error] Error: busy
	at o._provideSemanticTokens (/usr/share/code/resources/app/extensions/typescript-language-features/dist/extension.js:1:180337)
[2020-03-15 15:59:10.472] [exthost] [error] [vscode.typescript-language-features] provider FAILED
[2020-03-15 15:59:10.472] [exthost] [error] Error: busy
	at o._provideSemanticTokens (/usr/share/code/resources/app/extensions/typescript-language-features/dist/extension.js:1:180337)
[2020-03-15 15:59:34.325] [exthost] [error] [vscode.typescript-language-features] provider FAILED
[2020-03-15 15:59:34.325] [exthost] [error] Error: busy
	at o._provideSemanticTokens (/usr/share/code/resources/app/extensions/typescript-language-features/dist/extension.js:1:180337)
[2020-03-15 15:59:44.474] [exthost] [error] [vscode.typescript-language-features] provider FAILED
[2020-03-15 15:59:44.474] [exthost] [error] Error: busy
	at o._provideSemanticTokens (/usr/share/code/resources/app/extensions/typescript-language-features/dist/extension.js:1:180337)
[2020-03-15 15:59:46.363] [exthost] [error] [vscode.typescript-language-features] provider FAILED
[2020-03-15 15:59:46.364] [exthost] [error] Error: busy
	at o._provideSemanticTokens (/usr/share/code/resources/app/extensions/typescript-language-features/dist/extension.js:1:180337)
[2020-03-15 15:59:46.828] [exthost] [error] [vscode.typescript-language-features] provider FAILED
[2020-03-15 15:59:46.828] [exthost] [error] Error: busy
	at o._provideSemanticTokens (/usr/share/code/resources/app/extensions/typescript-language-features/dist/extension.js:1:180337)
[2020-03-15 15:59:47.793] [exthost] [error] [vscode.typescript-language-features] provider FAILED
[2020-03-15 15:59:47.794] [exthost] [error] Error: busy
	at o._provideSemanticTokens (/usr/share/code/resources/app/extensions/typescript-language-features/dist/extension.js:1:180337)
[2020-03-15 15:59:48.196] [exthost] [error] [vscode.typescript-language-features] provider FAILED
[2020-03-15 15:59:48.196] [exthost] [error] Error: busy
	at o._provideSemanticTokens (/usr/share/code/resources/app/extensions/typescript-language-features/dist/extension.js:1:180337)
[2020-03-15 15:59:50.615] [exthost] [error] [vscode.typescript-language-features] provider FAILED
[2020-03-15 15:59:50.615] [exthost] [error] Error: busy
	at o._provideSemanticTokens (/usr/share/code/resources/app/extensions/typescript-language-features/dist/extension.js:1:180337)
[2020-03-15 16:02:03.703] [exthost] [error] [vscode.typescript-language-features] provider FAILED
[2020-03-15 16:02:03.703] [exthost] [error] Error: busy
	at o._provideSemanticTokens (/usr/share/code/resources/app/extensions/typescript-language-features/dist/extension.js:1:180337)
[2020-03-15 16:02:04.247] [exthost] [error] [vscode.typescript-language-features] provider FAILED
[2020-03-15 16:02:04.247] [exthost] [error] Error: busy
	at o._provideSemanticTokens (/usr/share/code/resources/app/extensions/typescript-language-features/dist/extension.js:1:180337)
[2020-03-15 16:02:25.830] [exthost] [error] [vscode.typescript-language-features] provider FAILED
[2020-03-15 16:02:25.830] [exthost] [error] Error: busy
	at o._provideSemanticTokens (/usr/share/code/resources/app/extensions/typescript-language-features/dist/extension.js:1:180337)
[2020-03-15 16:02:34.789] [exthost] [error] [vscode.typescript-language-features] provider FAILED
[2020-03-15 16:02:34.789] [exthost] [error] Error: busy
	at o._provideSemanticTokens (/usr/share/code/resources/app/extensions/typescript-language-features/dist/extension.js:1:180337)
[2020-03-15 16:02:35.703] [exthost] [error] [vscode.typescript-language-features] provider FAILED
[2020-03-15 16:02:35.704] [exthost] [error] Error: busy
	at o._provideSemanticTokens (/usr/share/code/resources/app/extensions/typescript-language-features/dist/extension.js:1:180337)
[2020-03-15 16:02:36.343] [exthost] [error] [vscode.typescript-language-features] provider FAILED
[2020-03-15 16:02:36.343] [exthost] [error] Error: busy
	at o._provideSemanticTokens (/usr/share/code/resources/app/extensions/typescript-language-features/dist/extension.js:1:180337)
[2020-03-15 16:02:37.083] [exthost] [error] [vscode.typescript-language-features] provider FAILED
[2020-03-15 16:02:37.084] [exthost] [error] Error: busy
	at o._provideSemanticTokens (/usr/share/code/resources/app/extensions/typescript-language-features/dist/extension.js:1:180337)
[2020-03-15 16:02:39.471] [exthost] [error] [vscode.typescript-language-features] provider FAILED
[2020-03-15 16:02:39.471] [exthost] [error] Error: busy
	at o._provideSemanticTokens (/usr/share/code/resources/app/extensions/typescript-language-features/dist/extension.js:1:180337)
[2020-03-15 16:02:55.718] [exthost] [error] [vscode.typescript-language-features] provider FAILED
[2020-03-15 16:02:55.722] [exthost] [error] Error: DisposableStore is missing...
	at F._convertCompletionItem (/usr/share/code/resources/app/out/vs/workbench/services/extensions/node/extensionHostProcess.js:596:373)
	at /usr/share/code/resources/app/out/vs/workbench/services/extensions/node/extensionHostProcess.js:596:151
[2020-03-15 16:02:55.768] [exthost] [error] [vscode.typescript-language-features] provider FAILED
[2020-03-15 16:02:55.768] [exthost] [error] Error: busy
	at o._provideSemanticTokens (/usr/share/code/resources/app/extensions/typescript-language-features/dist/extension.js:1:180337)
[2020-03-15 16:03:00.983] [exthost] [error] [vscode.typescript-language-features] provider FAILED
[2020-03-15 16:03:00.983] [exthost] [error] Error: busy
	at o._provideSemanticTokens (/usr/share/code/resources/app/extensions/typescript-language-features/dist/extension.js:1:180337)
[2020-03-15 16:03:02.346] [exthost] [error] [vscode.typescript-language-features] provider FAILED
[2020-03-15 16:03:02.346] [exthost] [error] Error: busy
	at o._provideSemanticTokens (/usr/share/code/resources/app/extensions/typescript-language-features/dist/extension.js:1:180337)
[2020-03-15 16:06:24.072] [exthost] [error] [vscode.typescript-language-features] provider FAILED
[2020-03-15 16:06:24.073] [exthost] [error] Error: busy
	at o._provideSemanticTokens (/usr/share/code/resources/app/extensions/typescript-language-features/dist/extension.js:1:180337)
[2020-03-15 16:06:24.593] [exthost] [error] [vscode.typescript-language-features] provider FAILED
[2020-03-15 16:06:24.593] [exthost] [error] Error: busy
	at o._provideSemanticTokens (/usr/share/code/resources/app/extensions/typescript-language-features/dist/extension.js:1:180337)
[2020-03-15 16:06:24.665] [exthost] [error] [vscode.typescript-language-features] provider FAILED
[2020-03-15 16:06:24.666] [exthost] [error] Error: DisposableStore is missing...
	at F._convertCompletionItem (/usr/share/code/resources/app/out/vs/workbench/services/extensions/node/extensionHostProcess.js:596:373)
	at /usr/share/code/resources/app/out/vs/workbench/services/extensions/node/extensionHostProcess.js:596:151
[2020-03-15 16:06:29.523] [exthost] [error] [vscode.typescript-language-features] provider FAILED
[2020-03-15 16:06:29.523] [exthost] [error] Error: busy
	at o._provideSemanticTokens (/usr/share/code/resources/app/extensions/typescript-language-features/dist/extension.js:1:180337)
[2020-03-15 16:06:50.924] [exthost] [error] [vscode.typescript-language-features] provider FAILED
[2020-03-15 16:06:50.924] [exthost] [error] Error: busy
	at o._provideSemanticTokens (/usr/share/code/resources/app/extensions/typescript-language-features/dist/extension.js:1:180337)
[2020-03-15 16:08:15.261] [exthost] [error] [vscode.typescript-language-features] provider FAILED
[2020-03-15 16:08:15.261] [exthost] [error] Error: busy
	at o._provideSemanticTokens (/usr/share/code/resources/app/extensions/typescript-language-features/dist/extension.js:1:180337)
[2020-03-15 16:10:46.788] [exthost] [error] [vscode.typescript-language-features] provider FAILED
[2020-03-15 16:10:46.788] [exthost] [error] Error: busy
	at o._provideSemanticTokens (/usr/share/code/resources/app/extensions/typescript-language-features/dist/extension.js:1:180337)
[2020-03-15 16:10:54.669] [exthost] [error] [vscode.typescript-language-features] provider FAILED
[2020-03-15 16:10:54.670] [exthost] [error] Error: busy
	at o._provideSemanticTokens (/usr/share/code/resources/app/extensions/typescript-language-features/dist/extension.js:1:180337)
[2020-03-15 16:11:08.728] [exthost] [error] [vscode.typescript-language-features] provider FAILED
[2020-03-15 16:11:08.729] [exthost] [error] Error: busy
	at o._provideSemanticTokens (/usr/share/code/resources/app/extensions/typescript-language-features/dist/extension.js:1:180337)
[2020-03-15 16:11:12.820] [exthost] [error] [vscode.typescript-language-features] provider FAILED
[2020-03-15 16:11:12.821] [exthost] [error] Error: busy
	at o._provideSemanticTokens (/usr/share/code/resources/app/extensions/typescript-language-features/dist/extension.js:1:180337)
[2020-03-15 16:11:15.654] [exthost] [error] [vscode.typescript-language-features] provider FAILED
[2020-03-15 16:11:15.654] [exthost] [error] Error: busy
	at o._provideSemanticTokens (/usr/share/code/resources/app/extensions/typescript-language-features/dist/extension.js:1:180337)
[2020-03-15 16:11:17.626] [exthost] [error] [vscode.typescript-language-features] provider FAILED
[2020-03-15 16:11:17.626] [exthost] [error] Error: busy
	at o._provideSemanticTokens (/usr/share/code/resources/app/extensions/typescript-language-features/dist/extension.js:1:180337)
[2020-03-15 16:12:07.973] [exthost] [error] [vscode.typescript-language-features] provider FAILED
[2020-03-15 16:12:07.973] [exthost] [error] Error: busy
	at o._provideSemanticTokens (/usr/share/code/resources/app/extensions/typescript-language-features/dist/extension.js:1:180337)
[2020-03-15 16:12:11.768] [exthost] [error] [vscode.typescript-language-features] provider FAILED
[2020-03-15 16:12:11.768] [exthost] [error] Error: busy
	at o._provideSemanticTokens (/usr/share/code/resources/app/extensions/typescript-language-features/dist/extension.js:1:180337)
[2020-03-15 16:12:16.143] [exthost] [error] [vscode.typescript-language-features] provider FAILED
[2020-03-15 16:12:16.143] [exthost] [error] Error: busy
	at o._provideSemanticTokens (/usr/share/code/resources/app/extensions/typescript-language-features/dist/extension.js:1:180337)
[2020-03-15 16:12:18.293] [exthost] [error] [vscode.typescript-language-features] provider FAILED
[2020-03-15 16:12:18.293] [exthost] [error] Error: busy
	at o._provideSemanticTokens (/usr/share/code/resources/app/extensions/typescript-language-features/dist/extension.js:1:180337)
[2020-03-15 16:12:45.847] [exthost] [error] [vscode.typescript-language-features] provider FAILED
[2020-03-15 16:12:45.848] [exthost] [error] Error: busy
	at o._provideSemanticTokens (/usr/share/code/resources/app/extensions/typescript-language-features/dist/extension.js:1:180337)
[2020-03-15 16:12:45.895] [exthost] [error] [vscode.typescript-language-features] provider FAILED
[2020-03-15 16:12:45.895] [exthost] [error] Error: DisposableStore is missing...
	at F._convertCompletionItem (/usr/share/code/resources/app/out/vs/workbench/services/extensions/node/extensionHostProcess.js:596:373)
	at /usr/share/code/resources/app/out/vs/workbench/services/extensions/node/extensionHostProcess.js:596:151
[2020-03-15 16:12:59.623] [exthost] [error] [vscode.typescript-language-features] provider FAILED
[2020-03-15 16:12:59.623] [exthost] [error] Error: busy
	at o._provideSemanticTokens (/usr/share/code/resources/app/extensions/typescript-language-features/dist/extension.js:1:180337)
[2020-03-15 16:13:02.423] [exthost] [error] [vscode.typescript-language-features] provider FAILED
[2020-03-15 16:13:02.423] [exthost] [error] Error: busy
	at o._provideSemanticTokens (/usr/share/code/resources/app/extensions/typescript-language-features/dist/extension.js:1:180337)
[2020-03-15 16:13:06.289] [exthost] [error] [vscode.typescript-language-features] provider FAILED
[2020-03-15 16:13:06.289] [exthost] [error] Error: busy
	at o._provideSemanticTokens (/usr/share/code/resources/app/extensions/typescript-language-features/dist/extension.js:1:180337)
[2020-03-15 16:13:08.129] [exthost] [error] [vscode.typescript-language-features] provider FAILED
[2020-03-15 16:13:08.129] [exthost] [error] Error: busy
	at o._provideSemanticTokens (/usr/share/code/resources/app/extensions/typescript-language-features/dist/extension.js:1:180337)
[2020-03-15 16:13:08.263] [exthost] [error] [vscode.typescript-language-features] provider FAILED
[2020-03-15 16:13:08.264] [exthost] [error] Error: busy
	at o._provideSemanticTokens (/usr/share/code/resources/app/extensions/typescript-language-features/dist/extension.js:1:180337)
[2020-03-15 16:13:27.210] [exthost] [error] [vscode.typescript-language-features] provider FAILED
[2020-03-15 16:13:27.210] [exthost] [error] Error: busy
	at o._provideSemanticTokens (/usr/share/code/resources/app/extensions/typescript-language-features/dist/extension.js:1:180337)
[2020-03-15 16:13:33.043] [exthost] [error] [vscode.typescript-language-features] provider FAILED
[2020-03-15 16:13:33.043] [exthost] [error] Error: busy
	at o._provideSemanticTokens (/usr/share/code/resources/app/extensions/typescript-language-features/dist/extension.js:1:180337)
[2020-03-15 16:13:50.253] [exthost] [error] [vscode.typescript-language-features] provider FAILED
[2020-03-15 16:13:50.254] [exthost] [error] Error: busy
	at o._provideSemanticTokens (/usr/share/code/resources/app/extensions/typescript-language-features/dist/extension.js:1:180337)
[2020-03-15 16:14:18.484] [exthost] [error] [vscode.typescript-language-features] provider FAILED
[2020-03-15 16:14:18.484] [exthost] [error] Error: busy
	at o._provideSemanticTokens (/usr/share/code/resources/app/extensions/typescript-language-features/dist/extension.js:1:180337)
[2020-03-15 16:14:55.054] [exthost] [error] [vscode.typescript-language-features] provider FAILED
[2020-03-15 16:14:55.054] [exthost] [error] Error: busy
	at o._provideSemanticTokens (/usr/share/code/resources/app/extensions/typescript-language-features/dist/extension.js:1:180337)
[2020-03-15 16:14:55.630] [exthost] [error] [vscode.typescript-language-features] provider FAILED
[2020-03-15 16:14:55.630] [exthost] [error] Error: busy
	at o._provideSemanticTokens (/usr/share/code/resources/app/extensions/typescript-language-features/dist/extension.js:1:180337)
[2020-03-15 16:15:00.695] [exthost] [error] [vscode.typescript-language-features] provider FAILED
[2020-03-15 16:15:00.695] [exthost] [error] Error: busy
	at o._provideSemanticTokens (/usr/share/code/resources/app/extensions/typescript-language-features/dist/extension.js:1:180337)
[2020-03-15 16:15:05.608] [exthost] [error] [vscode.typescript-language-features] provider FAILED
[2020-03-15 16:15:05.608] [exthost] [error] Error: busy
	at o._provideSemanticTokens (/usr/share/code/resources/app/extensions/typescript-language-features/dist/extension.js:1:180337)
[2020-03-15 16:15:30.456] [exthost] [error] [vscode.typescript-language-features] provider FAILED
[2020-03-15 16:15:30.456] [exthost] [error] Error: busy
	at o._provideSemanticTokens (/usr/share/code/resources/app/extensions/typescript-language-features/dist/extension.js:1:180337)
[2020-03-15 16:15:46.711] [exthost] [error] [vscode.typescript-language-features] provider FAILED
[2020-03-15 16:15:46.712] [exthost] [error] Error: busy
	at o._provideSemanticTokens (/usr/share/code/resources/app/extensions/typescript-language-features/dist/extension.js:1:180337)
[2020-03-15 16:17:14.144] [exthost] [error] [vscode.typescript-language-features] provider FAILED
[2020-03-15 16:17:14.145] [exthost] [error] Error: busy
	at o._provideSemanticTokens (/usr/share/code/resources/app/extensions/typescript-language-features/dist/extension.js:1:180337)
[2020-03-15 16:17:16.994] [exthost] [error] [vscode.typescript-language-features] provider FAILED
[2020-03-15 16:17:16.995] [exthost] [error] Error: busy
	at o._provideSemanticTokens (/usr/share/code/resources/app/extensions/typescript-language-features/dist/extension.js:1:180337)
[2020-03-15 16:17:18.314] [exthost] [error] [vscode.typescript-language-features] provider FAILED
[2020-03-15 16:17:18.314] [exthost] [error] Error: busy
	at o._provideSemanticTokens (/usr/share/code/resources/app/extensions/typescript-language-features/dist/extension.js:1:180337)
[2020-03-15 16:17:18.780] [exthost] [error] [vscode.typescript-language-features] provider FAILED
[2020-03-15 16:17:18.781] [exthost] [error] Error: DisposableStore is missing...
	at F._convertCompletionItem (/usr/share/code/resources/app/out/vs/workbench/services/extensions/node/extensionHostProcess.js:596:373)
	at /usr/share/code/resources/app/out/vs/workbench/services/extensions/node/extensionHostProcess.js:596:151
[2020-03-15 16:17:21.117] [exthost] [error] [vscode.typescript-language-features] provider FAILED
[2020-03-15 16:17:21.117] [exthost] [error] Error: busy
	at o._provideSemanticTokens (/usr/share/code/resources/app/extensions/typescript-language-features/dist/extension.js:1:180337)
[2020-03-15 16:17:28.895] [exthost] [error] [vscode.typescript-language-features] provider FAILED
[2020-03-15 16:17:28.895] [exthost] [error] Error: busy
	at o._provideSemanticTokens (/usr/share/code/resources/app/extensions/typescript-language-features/dist/extension.js:1:180337)
[2020-03-15 16:17:36.137] [exthost] [error] [vscode.typescript-language-features] provider FAILED
[2020-03-15 16:17:36.138] [exthost] [error] Error: busy
	at o._provideSemanticTokens (/usr/share/code/resources/app/extensions/typescript-language-features/dist/extension.js:1:180337)
[2020-03-15 16:18:23.011] [exthost] [error] [vscode.typescript-language-features] provider FAILED
[2020-03-15 16:18:23.011] [exthost] [error] Error: busy
	at o._provideSemanticTokens (/usr/share/code/resources/app/extensions/typescript-language-features/dist/extension.js:1:180337)
[2020-03-15 16:18:27.340] [exthost] [error] [vscode.typescript-language-features] provider FAILED
[2020-03-15 16:18:27.340] [exthost] [error] Error: busy
	at o._provideSemanticTokens (/usr/share/code/resources/app/extensions/typescript-language-features/dist/extension.js:1:180337)
[2020-03-15 16:18:28.021] [exthost] [error] [vscode.typescript-language-features] provider FAILED
[2020-03-15 16:18:28.021] [exthost] [error] Error: busy
	at o._provideSemanticTokens (/usr/share/code/resources/app/extensions/typescript-language-features/dist/extension.js:1:180337)
[2020-03-15 16:18:37.631] [exthost] [error] [vscode.typescript-language-features] provider FAILED
[2020-03-15 16:18:37.631] [exthost] [error] Error: busy
	at o._provideSemanticTokens (/usr/share/code/resources/app/extensions/typescript-language-features/dist/extension.js:1:180337)
[2020-03-15 16:18:39.375] [exthost] [error] [vscode.typescript-language-features] provider FAILED
[2020-03-15 16:18:39.375] [exthost] [error] Error: busy
	at o._provideSemanticTokens (/usr/share/code/resources/app/extensions/typescript-language-features/dist/extension.js:1:180337)
[2020-03-15 16:18:41.177] [exthost] [error] [vscode.typescript-language-features] provider FAILED
[2020-03-15 16:18:41.177] [exthost] [error] Error: busy
	at o._provideSemanticTokens (/usr/share/code/resources/app/extensions/typescript-language-features/dist/extension.js:1:180337)
[2020-03-15 16:18:59.467] [exthost] [error] [vscode.typescript-language-features] provider FAILED
[2020-03-15 16:18:59.467] [exthost] [error] Error: busy
	at o._provideSemanticTokens (/usr/share/code/resources/app/extensions/typescript-language-features/dist/extension.js:1:180337)
[2020-03-15 16:19:12.137] [exthost] [error] [vscode.typescript-language-features] provider FAILED
[2020-03-15 16:19:12.137] [exthost] [error] Error: busy
	at o._provideSemanticTokens (/usr/share/code/resources/app/extensions/typescript-language-features/dist/extension.js:1:180337)
[2020-03-15 16:19:13.941] [exthost] [error] [vscode.typescript-language-features] provider FAILED
[2020-03-15 16:19:13.941] [exthost] [error] Error: busy
	at o._provideSemanticTokens (/usr/share/code/resources/app/extensions/typescript-language-features/dist/extension.js:1:180337)
[2020-03-15 16:22:13.214] [exthost] [error] [vscode.typescript-language-features] provider FAILED
[2020-03-15 16:22:13.214] [exthost] [error] Error: busy
	at o._provideSemanticTokens (/usr/share/code/resources/app/extensions/typescript-language-features/dist/extension.js:1:180337)
[2020-03-15 16:22:13.314] [exthost] [error] [vscode.typescript-language-features] provider FAILED
[2020-03-15 16:22:13.314] [exthost] [error] Error: DisposableStore is missing...
	at F._convertCompletionItem (/usr/share/code/resources/app/out/vs/workbench/services/extensions/node/extensionHostProcess.js:596:373)
	at /usr/share/code/resources/app/out/vs/workbench/services/extensions/node/extensionHostProcess.js:596:151
[2020-03-15 16:22:13.656] [exthost] [error] [vscode.typescript-language-features] provider FAILED
[2020-03-15 16:22:13.657] [exthost] [error] Error: DisposableStore is missing...
	at F._convertCompletionItem (/usr/share/code/resources/app/out/vs/workbench/services/extensions/node/extensionHostProcess.js:596:373)
	at /usr/share/code/resources/app/out/vs/workbench/services/extensions/node/extensionHostProcess.js:596:151
[2020-03-15 16:22:28.317] [exthost] [error] [vscode.typescript-language-features] provider FAILED
[2020-03-15 16:22:28.318] [exthost] [error] Error: busy
	at o._provideSemanticTokens (/usr/share/code/resources/app/extensions/typescript-language-features/dist/extension.js:1:180337)
[2020-03-15 16:22:40.697] [exthost] [error] [vscode.typescript-language-features] provider FAILED
[2020-03-15 16:22:40.697] [exthost] [error] Error: DisposableStore is missing...
	at F._convertCompletionItem (/usr/share/code/resources/app/out/vs/workbench/services/extensions/node/extensionHostProcess.js:596:373)
	at /usr/share/code/resources/app/out/vs/workbench/services/extensions/node/extensionHostProcess.js:596:151
[2020-03-15 16:22:56.247] [exthost] [error] [vscode.typescript-language-features] provider FAILED
[2020-03-15 16:22:56.247] [exthost] [error] Error: busy
	at o._provideSemanticTokens (/usr/share/code/resources/app/extensions/typescript-language-features/dist/extension.js:1:180337)
[2020-03-15 16:23:04.921] [exthost] [error] [vscode.typescript-language-features] provider FAILED
[2020-03-15 16:23:04.921] [exthost] [error] Error: busy
	at o._provideSemanticTokens (/usr/share/code/resources/app/extensions/typescript-language-features/dist/extension.js:1:180337)
[2020-03-15 16:23:05.031] [exthost] [error] [vscode.typescript-language-features] provider FAILED
[2020-03-15 16:23:05.031] [exthost] [error] Error: DisposableStore is missing...
	at F._convertCompletionItem (/usr/share/code/resources/app/out/vs/workbench/services/extensions/node/extensionHostProcess.js:596:373)
	at /usr/share/code/resources/app/out/vs/workbench/services/extensions/node/extensionHostProcess.js:596:151
[2020-03-15 16:23:20.612] [exthost] [error] [vscode.typescript-language-features] provider FAILED
[2020-03-15 16:23:20.613] [exthost] [error] Error: busy
	at o._provideSemanticTokens (/usr/share/code/resources/app/extensions/typescript-language-features/dist/extension.js:1:180337)
[2020-03-15 16:23:26.535] [exthost] [error] [vscode.typescript-language-features] provider FAILED
[2020-03-15 16:23:26.535] [exthost] [error] Error: busy
	at o._provideSemanticTokens (/usr/share/code/resources/app/extensions/typescript-language-features/dist/extension.js:1:180337)
[2020-03-15 16:23:51.394] [exthost] [error] [vscode.typescript-language-features] provider FAILED
[2020-03-15 16:23:51.394] [exthost] [error] Error: busy
	at o._provideSemanticTokens (/usr/share/code/resources/app/extensions/typescript-language-features/dist/extension.js:1:180337)
[2020-03-15 16:23:55.457] [exthost] [error] [vscode.typescript-language-features] provider FAILED
[2020-03-15 16:23:55.457] [exthost] [error] Error: busy
	at o._provideSemanticTokens (/usr/share/code/resources/app/extensions/typescript-language-features/dist/extension.js:1:180337)
[2020-03-15 16:24:08.472] [exthost] [error] [vscode.typescript-language-features] provider FAILED
[2020-03-15 16:24:08.472] [exthost] [error] Error: busy
	at o._provideSemanticTokens (/usr/share/code/resources/app/extensions/typescript-language-features/dist/extension.js:1:180337)
[2020-03-15 16:24:14.835] [exthost] [error] [vscode.typescript-language-features] provider FAILED
[2020-03-15 16:24:14.835] [exthost] [error] Error: busy
	at o._provideSemanticTokens (/usr/share/code/resources/app/extensions/typescript-language-features/dist/extension.js:1:180337)
[2020-03-15 16:24:35.348] [exthost] [error] [vscode.typescript-language-features] provider FAILED
[2020-03-15 16:24:35.348] [exthost] [error] Error: busy
	at o._provideSemanticTokens (/usr/share/code/resources/app/extensions/typescript-language-features/dist/extension.js:1:180337)
[2020-03-15 16:27:04.065] [exthost] [error] [vscode.typescript-language-features] provider FAILED
[2020-03-15 16:27:04.065] [exthost] [error] Error: busy
	at o._provideSemanticTokens (/usr/share/code/resources/app/extensions/typescript-language-features/dist/extension.js:1:180337)
[2020-03-15 16:27:05.192] [exthost] [error] [vscode.typescript-language-features] provider FAILED
[2020-03-15 16:27:05.192] [exthost] [error] Error: DisposableStore is missing...
	at F._convertCompletionItem (/usr/share/code/resources/app/out/vs/workbench/services/extensions/node/extensionHostProcess.js:596:373)
	at /usr/share/code/resources/app/out/vs/workbench/services/extensions/node/extensionHostProcess.js:596:151
[2020-03-15 16:27:05.288] [exthost] [error] [vscode.typescript-language-features] provider FAILED
[2020-03-15 16:27:05.288] [exthost] [error] Error: busy
	at o._provideSemanticTokens (/usr/share/code/resources/app/extensions/typescript-language-features/dist/extension.js:1:180337)
[2020-03-15 16:27:38.865] [exthost] [error] [vscode.typescript-language-features] provider FAILED
[2020-03-15 16:27:38.865] [exthost] [error] Error: busy
	at o._provideSemanticTokens (/usr/share/code/resources/app/extensions/typescript-language-features/dist/extension.js:1:180337)
[2020-03-15 16:27:39.132] [exthost] [error] [vscode.typescript-language-features] provider FAILED
[2020-03-15 16:27:39.133] [exthost] [error] Error: busy
	at o._provideSemanticTokens (/usr/share/code/resources/app/extensions/typescript-language-features/dist/extension.js:1:180337)
[2020-03-15 16:27:42.971] [exthost] [error] [vscode.typescript-language-features] provider FAILED
[2020-03-15 16:27:42.972] [exthost] [error] Error: busy
	at o._provideSemanticTokens (/usr/share/code/resources/app/extensions/typescript-language-features/dist/extension.js:1:180337)
[2020-03-15 16:27:46.735] [exthost] [error] [vscode.typescript-language-features] provider FAILED
[2020-03-15 16:27:46.735] [exthost] [error] Error: busy
	at o._provideSemanticTokens (/usr/share/code/resources/app/extensions/typescript-language-features/dist/extension.js:1:180337)
[2020-03-15 16:28:19.050] [exthost] [error] [vscode.typescript-language-features] provider FAILED
[2020-03-15 16:28:19.051] [exthost] [error] Error: busy
	at o._provideSemanticTokens (/usr/share/code/resources/app/extensions/typescript-language-features/dist/extension.js:1:180337)
[2020-03-15 16:28:22.187] [exthost] [error] [vscode.typescript-language-features] provider FAILED
[2020-03-15 16:28:22.187] [exthost] [error] Error: busy
	at o._provideSemanticTokens (/usr/share/code/resources/app/extensions/typescript-language-features/dist/extension.js:1:180337)
[2020-03-15 16:28:28.024] [exthost] [error] [vscode.typescript-language-features] provider FAILED
[2020-03-15 16:28:28.024] [exthost] [error] Error: busy
	at o._provideSemanticTokens (/usr/share/code/resources/app/extensions/typescript-language-features/dist/extension.js:1:180337)
[2020-03-15 16:31:09.980] [exthost] [error] [vscode.typescript-language-features] provider FAILED
[2020-03-15 16:31:09.980] [exthost] [error] Error: busy
	at o._provideSemanticTokens (/usr/share/code/resources/app/extensions/typescript-language-features/dist/extension.js:1:180337)
[2020-03-15 16:31:10.147] [exthost] [error] [vscode.typescript-language-features] provider FAILED
[2020-03-15 16:31:10.147] [exthost] [error] Error: busy
	at o._provideSemanticTokens (/usr/share/code/resources/app/extensions/typescript-language-features/dist/extension.js:1:180337)
[2020-03-15 16:31:12.876] [exthost] [error] [vscode.typescript-language-features] provider FAILED
[2020-03-15 16:31:12.876] [exthost] [error] Error: busy
	at o._provideSemanticTokens (/usr/share/code/resources/app/extensions/typescript-language-features/dist/extension.js:1:180337)
[2020-03-15 16:31:15.328] [exthost] [error] [vscode.typescript-language-features] provider FAILED
[2020-03-15 16:31:15.328] [exthost] [error] Error: busy
	at o._provideSemanticTokens (/usr/share/code/resources/app/extensions/typescript-language-features/dist/extension.js:1:180337)
[2020-03-15 16:32:13.809] [exthost] [error] [vscode.typescript-language-features] provider FAILED
[2020-03-15 16:32:13.809] [exthost] [error] Error: DisposableStore is missing...
	at F._convertCompletionItem (/usr/share/code/resources/app/out/vs/workbench/services/extensions/node/extensionHostProcess.js:596:373)
	at /usr/share/code/resources/app/out/vs/workbench/services/extensions/node/extensionHostProcess.js:596:151
[2020-03-15 16:32:13.971] [exthost] [error] [vscode.typescript-language-features] provider FAILED
[2020-03-15 16:32:13.971] [exthost] [error] Error: busy
	at o._provideSemanticTokens (/usr/share/code/resources/app/extensions/typescript-language-features/dist/extension.js:1:180337)
[2020-03-15 16:32:38.286] [exthost] [error] [vscode.typescript-language-features] provider FAILED
[2020-03-15 16:32:38.286] [exthost] [error] Error: busy
	at o._provideSemanticTokens (/usr/share/code/resources/app/extensions/typescript-language-features/dist/extension.js:1:180337)
[2020-03-15 16:32:41.414] [exthost] [error] [vscode.typescript-language-features] provider FAILED
[2020-03-15 16:32:41.414] [exthost] [error] Error: busy
	at o._provideSemanticTokens (/usr/share/code/resources/app/extensions/typescript-language-features/dist/extension.js:1:180337)
[2020-03-15 16:32:43.665] [exthost] [error] [vscode.typescript-language-features] provider FAILED
[2020-03-15 16:32:43.665] [exthost] [error] Error: busy
	at o._provideSemanticTokens (/usr/share/code/resources/app/extensions/typescript-language-features/dist/extension.js:1:180337)
[2020-03-15 16:34:19.104] [exthost] [error] [vscode.typescript-language-features] provider FAILED
[2020-03-15 16:34:19.104] [exthost] [error] Error: busy
	at o._provideSemanticTokens (/usr/share/code/resources/app/extensions/typescript-language-features/dist/extension.js:1:180337)
[2020-03-15 16:34:20.360] [exthost] [error] [vscode.typescript-language-features] provider FAILED
[2020-03-15 16:34:20.360] [exthost] [error] Error: busy
	at o._provideSemanticTokens (/usr/share/code/resources/app/extensions/typescript-language-features/dist/extension.js:1:180337)
[2020-03-15 16:34:25.760] [exthost] [error] [vscode.typescript-language-features] provider FAILED
[2020-03-15 16:34:25.760] [exthost] [error] Error: busy
	at o._provideSemanticTokens (/usr/share/code/resources/app/extensions/typescript-language-features/dist/extension.js:1:180337)
[2020-03-15 16:36:07.276] [exthost] [error] [vscode.typescript-language-features] provider FAILED
[2020-03-15 16:36:07.276] [exthost] [error] Error: busy
	at o._provideSemanticTokens (/usr/share/code/resources/app/extensions/typescript-language-features/dist/extension.js:1:180337)
[2020-03-15 16:37:18.139] [exthost] [error] [vscode.typescript-language-features] provider FAILED
[2020-03-15 16:37:18.139] [exthost] [error] Error: busy
	at o._provideSemanticTokens (/usr/share/code/resources/app/extensions/typescript-language-features/dist/extension.js:1:180337)
[2020-03-15 16:37:32.919] [exthost] [error] [vscode.typescript-language-features] provider FAILED
[2020-03-15 16:37:32.919] [exthost] [error] Error: busy
	at o._provideSemanticTokens (/usr/share/code/resources/app/extensions/typescript-language-features/dist/extension.js:1:180337)
[2020-03-15 16:37:44.886] [exthost] [error] [vscode.typescript-language-features] provider FAILED
[2020-03-15 16:37:44.886] [exthost] [error] Error: busy
	at o._provideSemanticTokens (/usr/share/code/resources/app/extensions/typescript-language-features/dist/extension.js:1:180337)
[2020-03-15 16:37:52.551] [exthost] [error] [vscode.typescript-language-features] provider FAILED
[2020-03-15 16:37:52.551] [exthost] [error] Error: busy
	at o._provideSemanticTokens (/usr/share/code/resources/app/extensions/typescript-language-features/dist/extension.js:1:180337)
[2020-03-15 16:37:53.253] [exthost] [error] [vscode.typescript-language-features] provider FAILED
[2020-03-15 16:37:53.253] [exthost] [error] Error: busy
	at o._provideSemanticTokens (/usr/share/code/resources/app/extensions/typescript-language-features/dist/extension.js:1:180337)
[2020-03-15 16:39:35.047] [exthost] [error] [vscode.typescript-language-features] provider FAILED
[2020-03-15 16:39:35.048] [exthost] [error] Error: busy
	at o._provideSemanticTokens (/usr/share/code/resources/app/extensions/typescript-language-features/dist/extension.js:1:180337)
[2020-03-15 16:39:41.064] [exthost] [error] [vscode.typescript-language-features] provider FAILED
[2020-03-15 16:39:41.064] [exthost] [error] Error: busy
	at o._provideSemanticTokens (/usr/share/code/resources/app/extensions/typescript-language-features/dist/extension.js:1:180337)
[2020-03-15 16:39:44.547] [exthost] [error] [vscode.typescript-language-features] provider FAILED
[2020-03-15 16:39:44.547] [exthost] [error] Error: busy
	at o._provideSemanticTokens (/usr/share/code/resources/app/extensions/typescript-language-features/dist/extension.js:1:180337)
[2020-03-15 16:40:35.899] [exthost] [error] [vscode.typescript-language-features] provider FAILED
[2020-03-15 16:40:35.899] [exthost] [error] Error: busy
	at o._provideSemanticTokens (/usr/share/code/resources/app/extensions/typescript-language-features/dist/extension.js:1:180337)
[2020-03-15 16:40:37.078] [exthost] [error] [vscode.typescript-language-features] provider FAILED
[2020-03-15 16:40:37.078] [exthost] [error] Error: busy
	at o._provideSemanticTokens (/usr/share/code/resources/app/extensions/typescript-language-features/dist/extension.js:1:180337)
[2020-03-15 16:43:14.923] [exthost] [error] [vscode.typescript-language-features] provider FAILED
[2020-03-15 16:43:14.923] [exthost] [error] Error: busy
	at o._provideSemanticTokens (/usr/share/code/resources/app/extensions/typescript-language-features/dist/extension.js:1:180337)
[2020-03-15 16:43:15.682] [exthost] [error] [vscode.typescript-language-features] provider FAILED
[2020-03-15 16:43:15.682] [exthost] [error] Error: busy
	at o._provideSemanticTokens (/usr/share/code/resources/app/extensions/typescript-language-features/dist/extension.js:1:180337)
[2020-03-15 16:43:16.467] [exthost] [error] [vscode.typescript-language-features] provider FAILED
[2020-03-15 16:43:16.468] [exthost] [error] Error: busy
	at o._provideSemanticTokens (/usr/share/code/resources/app/extensions/typescript-language-features/dist/extension.js:1:180337)
[2020-03-15 16:43:16.793] [exthost] [error] [vscode.typescript-language-features] provider FAILED
[2020-03-15 16:43:16.793] [exthost] [error] Error: busy
	at o._provideSemanticTokens (/usr/share/code/resources/app/extensions/typescript-language-features/dist/extension.js:1:180337)
[2020-03-15 16:43:21.184] [exthost] [error] [vscode.typescript-language-features] provider FAILED
[2020-03-15 16:43:21.185] [exthost] [error] Error: busy
	at o._provideSemanticTokens (/usr/share/code/resources/app/extensions/typescript-language-features/dist/extension.js:1:180337)
[2020-03-15 16:43:21.972] [exthost] [error] [vscode.typescript-language-features] provider FAILED
[2020-03-15 16:43:21.972] [exthost] [error] Error: busy
	at o._provideSemanticTokens (/usr/share/code/resources/app/extensions/typescript-language-features/dist/extension.js:1:180337)
[2020-03-15 16:43:26.567] [exthost] [error] [vscode.typescript-language-features] provider FAILED
[2020-03-15 16:43:26.567] [exthost] [error] Error: busy
	at o._provideSemanticTokens (/usr/share/code/resources/app/extensions/typescript-language-features/dist/extension.js:1:180337)
[2020-03-15 16:43:26.902] [exthost] [error] [vscode.typescript-language-features] provider FAILED
[2020-03-15 16:43:26.902] [exthost] [error] Error: busy
	at o._provideSemanticTokens (/usr/share/code/resources/app/extensions/typescript-language-features/dist/extension.js:1:180337)
[2020-03-15 16:43:28.655] [exthost] [error] [vscode.typescript-language-features] provider FAILED
[2020-03-15 16:43:28.655] [exthost] [error] Error: busy
	at o._provideSemanticTokens (/usr/share/code/resources/app/extensions/typescript-language-features/dist/extension.js:1:180337)
[2020-03-15 16:43:31.839] [exthost] [error] [vscode.typescript-language-features] provider FAILED
[2020-03-15 16:43:31.840] [exthost] [error] Error: busy
	at o._provideSemanticTokens (/usr/share/code/resources/app/extensions/typescript-language-features/dist/extension.js:1:180337)
[2020-03-15 16:43:33.591] [exthost] [error] [vscode.typescript-language-features] provider FAILED
[2020-03-15 16:43:33.592] [exthost] [error] Error: busy
	at o._provideSemanticTokens (/usr/share/code/resources/app/extensions/typescript-language-features/dist/extension.js:1:180337)
[2020-03-15 16:43:33.942] [exthost] [error] [vscode.typescript-language-features] provider FAILED
[2020-03-15 16:43:33.942] [exthost] [error] Error: busy
	at o._provideSemanticTokens (/usr/share/code/resources/app/extensions/typescript-language-features/dist/extension.js:1:180337)
[2020-03-15 16:43:36.831] [exthost] [error] [vscode.typescript-language-features] provider FAILED
[2020-03-15 16:43:36.831] [exthost] [error] Error: busy
	at o._provideSemanticTokens (/usr/share/code/resources/app/extensions/typescript-language-features/dist/extension.js:1:180337)
[2020-03-15 16:43:37.507] [exthost] [error] [vscode.typescript-language-features] provider FAILED
[2020-03-15 16:43:37.507] [exthost] [error] Error: busy
	at o._provideSemanticTokens (/usr/share/code/resources/app/extensions/typescript-language-features/dist/extension.js:1:180337)
[2020-03-15 16:43:41.585] [exthost] [error] [vscode.typescript-language-features] provider FAILED
[2020-03-15 16:43:41.586] [exthost] [error] Error: busy
	at o._provideSemanticTokens (/usr/share/code/resources/app/extensions/typescript-language-features/dist/extension.js:1:180337)
[2020-03-15 16:43:41.925] [exthost] [error] [vscode.typescript-language-features] provider FAILED
[2020-03-15 16:43:41.925] [exthost] [error] Error: busy
	at o._provideSemanticTokens (/usr/share/code/resources/app/extensions/typescript-language-features/dist/extension.js:1:180337)
[2020-03-15 16:44:29.520] [exthost] [error] [vscode.typescript-language-features] provider FAILED
[2020-03-15 16:44:29.520] [exthost] [error] Error: busy
	at o._provideSemanticTokens (/usr/share/code/resources/app/extensions/typescript-language-features/dist/extension.js:1:180337)
[2020-03-15 16:44:30.614] [exthost] [error] [vscode.typescript-language-features] provider FAILED
[2020-03-15 16:44:30.614] [exthost] [error] Error: busy
	at o._provideSemanticTokens (/usr/share/code/resources/app/extensions/typescript-language-features/dist/extension.js:1:180337)
[2020-03-15 16:44:34.635] [exthost] [error] [vscode.typescript-language-features] provider FAILED
[2020-03-15 16:44:34.635] [exthost] [error] Error: busy
	at o._provideSemanticTokens (/usr/share/code/resources/app/extensions/typescript-language-features/dist/extension.js:1:180337)
[2020-03-15 16:44:38.658] [exthost] [error] [vscode.typescript-language-features] provider FAILED
[2020-03-15 16:44:38.658] [exthost] [error] Error: busy
	at o._provideSemanticTokens (/usr/share/code/resources/app/extensions/typescript-language-features/dist/extension.js:1:180337)
[2020-03-15 16:45:46.744] [exthost] [error] [vscode.typescript-language-features] provider FAILED
[2020-03-15 16:45:46.744] [exthost] [error] Error: busy
	at o._provideSemanticTokens (/usr/share/code/resources/app/extensions/typescript-language-features/dist/extension.js:1:180337)
[2020-03-15 16:45:52.811] [exthost] [error] [vscode.typescript-language-features] provider FAILED
[2020-03-15 16:45:52.811] [exthost] [error] Error: busy
	at o._provideSemanticTokens (/usr/share/code/resources/app/extensions/typescript-language-features/dist/extension.js:1:180337)
[2020-03-15 16:48:31.034] [exthost] [error] [vscode.typescript-language-features] provider FAILED
[2020-03-15 16:48:31.035] [exthost] [error] Error: busy
	at o._provideSemanticTokens (/usr/share/code/resources/app/extensions/typescript-language-features/dist/extension.js:1:180337)
[2020-03-15 16:49:08.667] [exthost] [error] [vscode.typescript-language-features] provider FAILED
[2020-03-15 16:49:08.667] [exthost] [error] Error: busy
	at o._provideSemanticTokens (/usr/share/code/resources/app/extensions/typescript-language-features/dist/extension.js:1:180337)
[2020-03-15 16:49:10.065] [exthost] [error] [vscode.typescript-language-features] provider FAILED
[2020-03-15 16:49:10.066] [exthost] [error] Error: busy
	at o._provideSemanticTokens (/usr/share/code/resources/app/extensions/typescript-language-features/dist/extension.js:1:180337)
